<?xml version="1.0" encoding="UTF-8"?>
<!-- Generated by org.testng.reporters.JUnitReportReporter -->
<testsuite hostname="dell" failures="0" tests="2" name="testcases.TC_Actitime_Login_Logout" time="15.239" errors="0" timestamp="2024-01-31T19:19:38 IST" skipped="0">
  <testcase classname="testcases.TC_Actitime_Login_Logout" name="logout" time="12.421"/>
  <system-out/>
  <testcase classname="testcases.TC_Actitime_Login_Logout" name="Login" time="2.818"/>
  <system-out/>
</testsuite> <!-- testcases.TC_Actitime_Login_Logout -->
