<?xml version="1.0" encoding="UTF-8"?>
<!-- Generated by org.testng.reporters.JUnitReportReporter -->
<testsuite hostname="dell" failures="0" tests="1" name="testcases.practice" time="7.451" errors="0" timestamp="2024-01-23T12:20:13 IST" skipped="0">
  <testcase classname="testcases.practice" name="browser" time="7.451"/>
  <system-out/>
</testsuite> <!-- testcases.practice -->
