<?xml version="1.0" encoding="UTF-8"?>
<!-- Generated by org.testng.reporters.JUnitReportReporter -->
<testsuite hostname="dell" failures="0" tests="1" name="testcases.fetchingDatafromPdf" time="0.397" errors="0" timestamp="2024-02-01T22:59:20 IST" skipped="0">
  <testcase classname="testcases.fetchingDatafromPdf" name="fetchingData" time="0.397"/>
  <system-out/>
</testsuite> <!-- testcases.fetchingDatafromPdf -->
